<?xml version="1.0" encoding="UTF-8"?>
<!-- Generated by org.testng.reporters.JUnitXMLReporter -->
<testsuite ignored="0" hostname="LAPTOP-NA90P81S" failures="1" tests="1" name="Test1(failed)" time="10.515" errors="0" timestamp="2023-02-07T14:21:10 IST">
  <testcase classname="testNGCrossBrowser.VerifyYourOrdersOfAccountAndListFunctionality" name="test" time="3.886">
    <failure type="java.lang.AssertionError" message="expected [] but found [https://www.amazon.in/gp/css/homepage.html?ref_=nav_AccountFlyout_ya]">
      <![CDATA[java.lang.AssertionError: expected [] but found [https://www.amazon.in/gp/css/homepage.html?ref_=nav_AccountFlyout_ya]
at testNGCrossBrowser.VerifyYourOrdersOfAccountAndListFunctionality.test(VerifyYourOrdersOfAccountAndListFunctionality.java:62)
at java.base/java.util.ArrayList.forEach(ArrayList.java:1511)
at java.base/java.util.concurrent.FutureTask.run(FutureTask.java:264)
at java.base/java.util.concurrent.ThreadPoolExecutor.runWorker(ThreadPoolExecutor.java:1136)
at java.base/java.util.concurrent.ThreadPoolExecutor$Worker.run(ThreadPoolExecutor.java:635)
at java.base/java.lang.Thread.run(Thread.java:833)
... Removed 24 stack frames]]>
    </failure>
  </testcase> <!-- test -->
</testsuite> <!-- Test1(failed) -->
