<?xml version="1.0" encoding="UTF-8"?>
<!-- Generated by org.testng.reporters.JUnitXMLReporter -->
<testsuite ignored="0" hostname="LAPTOP-NA90P81S" failures="0" tests="8" name="Edge test" time="0.057" errors="0" timestamp="2023-01-29T08:01:53 IST">
  <testcase classname="testNGCrossBrowser.VerifyAddToCardAndBuynowfunctionality" name="@BeforeTest ToLaunchBrowser" time="0.004">
    <failure type="java.lang.IllegalStateException" message="The driver executable does not exist: C:\Users\Sudhakar\Downloads\edgedriver_win64\edgedriver.exe">
      <![CDATA[java.lang.IllegalStateException: The driver executable does not exist: C:\Users\Sudhakar\Downloads\edgedriver_win64\edgedriver.exe
at com.google.common.base.Preconditions.checkState(Preconditions.java:585)
at org.openqa.selenium.remote.service.DriverService.checkExecutable(DriverService.java:146)
at org.openqa.selenium.remote.service.DriverService.findExecutable(DriverService.java:141)
at org.openqa.selenium.edge.EdgeDriverService.access$000(EdgeDriverService.java:37)
at org.openqa.selenium.edge.EdgeDriverService$Builder.findDefaultExecutable(EdgeDriverService.java:90)
at org.openqa.selenium.remote.service.DriverService$Builder.build(DriverService.java:355)
at org.openqa.selenium.edge.EdgeDriverService.createDefaultService(EdgeDriverService.java:70)
at org.openqa.selenium.edge.EdgeDriver.<init>(EdgeDriver.java:96)
at testNGCrossBrowser.VerifyAddToCardAndBuynowfunctionality.ToLaunchBrowser(VerifyAddToCardAndBuynowfunctionality.java:48)
... Removed 24 stack frames]]>
    </failure>
  </testcase> <!-- @BeforeTest ToLaunchBrowser -->
  <testcase classname="testNGCrossBrowser.VerifyTheAddToCardFunctionality" name="@BeforeTest ToLaunchBrowser" time="-1.674959513046E9">
    <skipped/>
  </testcase> <!-- @BeforeTest ToLaunchBrowser -->
  <testcase classname="testNGCrossBrowser.VerifyTheBuyProductFunctionality" name="@BeforeTest ToLaunchBrowser" time="-1.674959513049E9">
    <skipped/>
  </testcase> <!-- @BeforeTest ToLaunchBrowser -->
  <testcase classname="testNGCrossBrowser.VerifyYourOrdersOfAccountAndListFunctionality" name="@BeforeTest ToLaunchBrowser" time="-1.674959513051E9">
    <skipped/>
  </testcase> <!-- @BeforeTest ToLaunchBrowser -->
  <testcase classname="testNGCrossBrowser.VerifyTheBuyProductFunctionality" name="@BeforeClass createPOMObjects" time="-1.674959513053E9">
    <skipped/>
  </testcase> <!-- @BeforeClass createPOMObjects -->
  <testcase classname="testNGCrossBrowser.VerifyAddToCardAndBuynowfunctionality" name="@BeforeClass createPOMObjects" time="-1.674959513053E9">
    <skipped/>
  </testcase> <!-- @BeforeClass createPOMObjects -->
  <testcase classname="testNGCrossBrowser.VerifyYourOrdersOfAccountAndListFunctionality" name="@BeforeClass createPOMobjects" time="-1.674959513053E9">
    <skipped/>
  </testcase> <!-- @BeforeClass createPOMobjects -->
  <testcase classname="testNGCrossBrowser.VerifyTheAddToCardFunctionality" name="@BeforeClass createPOMObjects" time="-1.674959513053E9">
    <skipped/>
  </testcase> <!-- @BeforeClass createPOMObjects -->
  <testcase classname="testNGCrossBrowser.VerifyTheBuyProductFunctionality" name="@BeforeMethod searchProduct" time="-1.674959513057E9">
    <skipped/>
  </testcase> <!-- @BeforeMethod searchProduct -->
  <testcase classname="testNGCrossBrowser.VerifyAddToCardAndBuynowfunctionality" name="@BeforeMethod searchProduct" time="-1.674959513057E9">
    <skipped/>
  </testcase> <!-- @BeforeMethod searchProduct -->
  <testcase classname="testNGCrossBrowser.VerifyYourOrdersOfAccountAndListFunctionality" name="@BeforeMethod searchProduct" time="-1.674959513057E9">
    <skipped/>
  </testcase> <!-- @BeforeMethod searchProduct -->
  <testcase classname="testNGCrossBrowser.VerifyTheAddToCardFunctionality" name="@BeforeMethod searchProduct" time="-1.674959513059E9">
    <skipped/>
  </testcase> <!-- @BeforeMethod searchProduct -->
  <testcase classname="testNGCrossBrowser.VerifyTheBuyProductFunctionality" name="@AfterMethod bachToHomePage" time="-1.674959513065E9">
    <skipped/>
  </testcase> <!-- @AfterMethod bachToHomePage -->
  <testcase classname="testNGCrossBrowser.VerifyAddToCardAndBuynowfunctionality" name="@AfterMethod backToBrowser" time="-1.674959513065E9">
    <skipped/>
  </testcase> <!-- @AfterMethod backToBrowser -->
  <testcase classname="testNGCrossBrowser.VerifyTheBuyProductFunctionality" name="@BeforeMethod searchProduct" time="-1.674959513068E9">
    <skipped/>
  </testcase> <!-- @BeforeMethod searchProduct -->
  <testcase classname="testNGCrossBrowser.VerifyAddToCardAndBuynowfunctionality" name="@BeforeMethod searchProduct" time="-1.674959513068E9">
    <skipped/>
  </testcase> <!-- @BeforeMethod searchProduct -->
  <testcase classname="testNGCrossBrowser.VerifyTheBuyProductFunctionality" name="@AfterMethod bachToHomePage" time="-1.674959513074E9">
    <skipped/>
  </testcase> <!-- @AfterMethod bachToHomePage -->
  <testcase classname="testNGCrossBrowser.VerifyAddToCardAndBuynowfunctionality" name="@AfterMethod backToBrowser" time="-1.674959513074E9">
    <skipped/>
  </testcase> <!-- @AfterMethod backToBrowser -->
  <testcase classname="testNGCrossBrowser.VerifyYourOrdersOfAccountAndListFunctionality" name="@AfterMethod afterMethod" time="-1.674959513071E9">
    <skipped/>
  </testcase> <!-- @AfterMethod afterMethod -->
  <testcase classname="testNGCrossBrowser.VerifyTheAddToCardFunctionality" name="@AfterMethod bachToHomePage" time="-1.674959513074E9">
    <skipped/>
  </testcase> <!-- @AfterMethod bachToHomePage -->
  <testcase classname="testNGCrossBrowser.VerifyTheBuyProductFunctionality" name="@BeforeMethod searchProduct" time="-1.674959513078E9">
    <skipped/>
  </testcase> <!-- @BeforeMethod searchProduct -->
  <testcase classname="testNGCrossBrowser.VerifyAddToCardAndBuynowfunctionality" name="@AfterClass nullTheObjects" time="-1.674959513078E9">
    <skipped/>
  </testcase> <!-- @AfterClass nullTheObjects -->
  <testcase classname="testNGCrossBrowser.VerifyYourOrdersOfAccountAndListFunctionality" name="@AfterClass nullTheObjects" time="-1.674959513078E9">
    <skipped/>
  </testcase> <!-- @AfterClass nullTheObjects -->
  <testcase classname="testNGCrossBrowser.VerifyTheAddToCardFunctionality" name="@BeforeMethod searchProduct" time="-1.67495951308E9">
    <skipped/>
  </testcase> <!-- @BeforeMethod searchProduct -->
  <testcase classname="testNGCrossBrowser.VerifyTheBuyProductFunctionality" name="@AfterMethod bachToHomePage" time="-1.674959513082E9">
    <skipped/>
  </testcase> <!-- @AfterMethod bachToHomePage -->
  <testcase classname="testNGCrossBrowser.VerifyTheBuyProductFunctionality" name="@AfterClass nullTheObjects" time="-1.674959513084E9">
    <skipped/>
  </testcase> <!-- @AfterClass nullTheObjects -->
  <testcase classname="testNGCrossBrowser.VerifyTheAddToCardFunctionality" name="@AfterMethod bachToHomePage" time="-1.674959513085E9">
    <skipped/>
  </testcase> <!-- @AfterMethod bachToHomePage -->
  <testcase classname="testNGCrossBrowser.VerifyTheAddToCardFunctionality" name="@AfterClass nullTheObjects" time="-1.674959513087E9">
    <skipped/>
  </testcase> <!-- @AfterClass nullTheObjects -->
  <testcase classname="testNGCrossBrowser.VerifyAddToCardAndBuynowfunctionality" name="@AfterTest toCloseBrowser" time="-1.674959513089E9">
    <skipped/>
  </testcase> <!-- @AfterTest toCloseBrowser -->
  <testcase classname="testNGCrossBrowser.VerifyTheAddToCardFunctionality" name="@AfterTest toCloseBrowser" time="-1.67495951309E9">
    <skipped/>
  </testcase> <!-- @AfterTest toCloseBrowser -->
  <testcase classname="testNGCrossBrowser.VerifyTheBuyProductFunctionality" name="@AfterTest toCloseBrowser" time="-1.674959513091E9">
    <skipped/>
  </testcase> <!-- @AfterTest toCloseBrowser -->
  <testcase classname="testNGCrossBrowser.VerifyYourOrdersOfAccountAndListFunctionality" name="@AfterTest toCloseBrowser" time="-1.674959513093E9">
    <skipped/>
  </testcase> <!-- @AfterTest toCloseBrowser -->
  <testcase classname="testNGCrossBrowser.VerifyAddToCardAndBuynowfunctionality" name="verifyTheAddToCardFunctionality" time="0.0">
    <skipped/>
  </testcase> <!-- verifyTheAddToCardFunctionality -->
  <testcase classname="testNGCrossBrowser.VerifyTheBuyProductFunctionality" name="verifyAddToCardFunctionality" time="0.0">
    <skipped/>
  </testcase> <!-- verifyAddToCardFunctionality -->
  <testcase classname="testNGCrossBrowser.VerifyYourOrdersOfAccountAndListFunctionality" name="test" time="0.0">
    <skipped/>
  </testcase> <!-- test -->
  <testcase classname="testNGCrossBrowser.VerifyTheAddToCardFunctionality" name="verifyAddToCardFunctionality" time="0.0">
    <skipped/>
  </testcase> <!-- verifyAddToCardFunctionality -->
  <testcase classname="testNGCrossBrowser.VerifyAddToCardAndBuynowfunctionality" name="verifyTheBuyProductFunctionality" time="0.0">
    <skipped/>
  </testcase> <!-- verifyTheBuyProductFunctionality -->
  <testcase classname="testNGCrossBrowser.VerifyTheBuyProductFunctionality" name="verifyCardListBox" time="0.0">
    <skipped/>
  </testcase> <!-- verifyCardListBox -->
  <testcase classname="testNGCrossBrowser.VerifyTheBuyProductFunctionality" name="verifyTheBuyProductFunctionality" time="0.0">
    <skipped/>
  </testcase> <!-- verifyTheBuyProductFunctionality -->
  <testcase classname="testNGCrossBrowser.VerifyTheAddToCardFunctionality" name="verifyCardListBox" time="0.0">
    <skipped/>
  </testcase> <!-- verifyCardListBox -->
</testsuite> <!-- Edge test -->
