<?xml version="1.0" encoding="UTF-8"?>
<!-- Generated by org.testng.reporters.JUnitXMLReporter -->
<testsuite ignored="0" hostname="LAPTOP-NA90P81S" failures="1" tests="3" name="TestChrome" time="53.17" errors="0" timestamp="2023-02-09T13:59:48 IST">
  <testcase classname="testNGCrossBrowser.VerifyYourOrderAndAccountFuntcionality" name="test" time="3.525"/>
  <testcase classname="testNGCrossBrowser.VerifyAddToCardAndBuynowfunctionality" name="verifyTheAddToCardFunctionality" time="21.281">
    <failure type="java.lang.AssertionError" message="expected [] but found [https://www.amazon.in/Tecno-Spark-Infinity-Expandable-Processor/dp/B0B56YZT37/ref=sr_1_1_sspa?keywords=mobile&amp;amp;qid=1675931365&amp;amp;sr=8-1-spons&amp;amp;sp_csd=d2lkZ2V0TmFtZT1zcF9hdGY&amp;amp;psc=1]">
      <![CDATA[java.lang.AssertionError: expected [] but found [https://www.amazon.in/Tecno-Spark-Infinity-Expandable-Processor/dp/B0B56YZT37/ref=sr_1_1_sspa?keywords=mobile&qid=1675931365&sr=8-1-spons&sp_csd=d2lkZ2V0TmFtZT1zcF9hdGY&psc=1]
at testNGCrossBrowser.VerifyAddToCardAndBuynowfunctionality.verifyTheAddToCardFunctionality(VerifyAddToCardAndBuynowfunctionality.java:102)
at java.base/java.util.ArrayList.forEach(ArrayList.java:1511)
at java.base/java.util.concurrent.FutureTask.run(FutureTask.java:264)
at java.base/java.util.concurrent.ThreadPoolExecutor.runWorker(ThreadPoolExecutor.java:1136)
at java.base/java.util.concurrent.ThreadPoolExecutor$Worker.run(ThreadPoolExecutor.java:635)
at java.base/java.lang.Thread.run(Thread.java:833)
... Removed 24 stack frames]]>
    </failure>
  </testcase> <!-- verifyTheAddToCardFunctionality -->
  <testcase classname="testNGCrossBrowser.VerifyAddToCardAndBuynowfunctionality" name="verifyTheBuyProductFunctionality" time="0.783"/>
</testsuite> <!-- TestChrome -->
