<?xml version="1.0" encoding="UTF-8"?>
<!-- Generated by org.testng.reporters.JUnitXMLReporter -->
<testsuite ignored="0" hostname="LAPTOP-NA90P81S" failures="0" tests="2" name="Default test" time="0.087" errors="0" timestamp="2023-02-09T07:38:01 IST">
  <testcase classname="testNGCrossBrowser.VerifyAddToCardAndBuynowfunctionality" name="@BeforeTest ToLaunchBrowser" time="-1.675908481414E9">
    <failure type="org.testng.TestNGException" message="
Parameter &amp;apos;browserSelection&amp;apos; is required by BeforeTest on method ToLaunchBrowser but has not been marked @Optional or defined
in C:\Users\Sudhakar\AppData\Local\Temp\testng-eclipse-540525833\testng-customsuite.xml">
      <![CDATA[org.testng.TestNGException: 
Parameter 'browserSelection' is required by BeforeTest on method ToLaunchBrowser but has not been marked @Optional or defined
in C:\Users\Sudhakar\AppData\Local\Temp\testng-eclipse-540525833\testng-customsuite.xml
at org.testng.internal.Parameters.createParams(Parameters.java:270)
at org.testng.internal.Parameters.createParametersForMethod(Parameters.java:358)
at org.testng.internal.Parameters.createParameters(Parameters.java:700)
at org.testng.internal.Parameters.createConfigurationParameters(Parameters.java:168)
at org.testng.internal.ConfigInvoker.invokeConfigurations(ConfigInvoker.java:302)
at org.testng.TestRunner.invokeTestConfigurations(TestRunner.java:637)
at org.testng.TestRunner.beforeRun(TestRunner.java:627)
at org.testng.TestRunner.run(TestRunner.java:589)
at org.testng.SuiteRunner.runTest(SuiteRunner.java:377)
at org.testng.SuiteRunner.runSequentially(SuiteRunner.java:371)
at org.testng.SuiteRunner.privateRun(SuiteRunner.java:332)
at org.testng.SuiteRunner.run(SuiteRunner.java:276)
at org.testng.SuiteRunnerWorker.runSuite(SuiteRunnerWorker.java:53)
at org.testng.SuiteRunnerWorker.run(SuiteRunnerWorker.java:96)
at org.testng.TestNG.runSuitesSequentially(TestNG.java:1212)
at org.testng.TestNG.runSuitesLocally(TestNG.java:1134)
at org.testng.TestNG.runSuites(TestNG.java:1063)
at org.testng.TestNG.run(TestNG.java:1031)
at org.testng.remote.AbstractRemoteTestNG.run(AbstractRemoteTestNG.java:115)
at org.testng.remote.RemoteTestNG.initAndRun(RemoteTestNG.java:251)
at org.testng.remote.RemoteTestNG.main(RemoteTestNG.java:77)
]]>
    </failure>
  </testcase> <!-- @BeforeTest ToLaunchBrowser -->
  <testcase classname="testNGCrossBrowser.VerifyAddToCardAndBuynowfunctionality" name="@BeforeClass createPOMObjects" time="-1.675908481449E9">
    <skipped/>
  </testcase> <!-- @BeforeClass createPOMObjects -->
  <testcase classname="testNGCrossBrowser.VerifyAddToCardAndBuynowfunctionality" name="@BeforeMethod searchProduct" time="-1.675908481467E9">
    <skipped/>
  </testcase> <!-- @BeforeMethod searchProduct -->
  <testcase classname="testNGCrossBrowser.VerifyAddToCardAndBuynowfunctionality" name="@AfterMethod backToBrowser" time="-1.675908481476E9">
    <skipped/>
  </testcase> <!-- @AfterMethod backToBrowser -->
  <testcase classname="testNGCrossBrowser.VerifyAddToCardAndBuynowfunctionality" name="@BeforeMethod searchProduct" time="-1.675908481482E9">
    <skipped/>
  </testcase> <!-- @BeforeMethod searchProduct -->
  <testcase classname="testNGCrossBrowser.VerifyAddToCardAndBuynowfunctionality" name="@AfterMethod backToBrowser" time="-1.675908481489E9">
    <skipped/>
  </testcase> <!-- @AfterMethod backToBrowser -->
  <testcase classname="testNGCrossBrowser.VerifyAddToCardAndBuynowfunctionality" name="@AfterClass nullTheObjects" time="-1.675908481492E9">
    <skipped/>
  </testcase> <!-- @AfterClass nullTheObjects -->
  <testcase classname="testNGCrossBrowser.VerifyAddToCardAndBuynowfunctionality" name="@AfterTest toCloseBrowser" time="-1.675908481493E9">
    <skipped/>
  </testcase> <!-- @AfterTest toCloseBrowser -->
  <testcase classname="testNGCrossBrowser.VerifyAddToCardAndBuynowfunctionality" name="verifyTheAddToCardFunctionality" time="0.0">
    <skipped/>
  </testcase> <!-- verifyTheAddToCardFunctionality -->
  <testcase classname="testNGCrossBrowser.VerifyAddToCardAndBuynowfunctionality" name="verifyTheBuyProductFunctionality" time="0.0">
    <skipped/>
  </testcase> <!-- verifyTheBuyProductFunctionality -->
</testsuite> <!-- Default test -->
